<?xml version="1.0" encoding="UTF-8"?>
<testsuite xmlns:xsi="http://www.w3.org/2001/XMLSchema-instance" xsi:noNamespaceSchemaLocation="https://maven.apache.org/surefire/maven-surefire-plugin/xsd/surefire-test-report.xsd" name="TestSuite" time="70.727" tests="3" errors="0" skipped="0" failures="0">
  <properties>
[...]
</properties>
  <testcase name="invokedriver" classname="com.bikes.testCases.BikeDetailsTest" time="17.359"/>
  <testcase name="clickLogin2" classname="com.bikes.testCases.LoginTest" time="34.214"/>
  <testcase name="selectChennai" classname="com.bikes.testCases.UsedCarsTest" time="17.741"/>
</testsuite>