<?xml version="1.0" encoding="UTF-8"?>
<!-- Generated by org.testng.reporters.JUnitXMLReporter -->
<testsuite hostname="LAPTOP-AK5AECC5" ignored="0" name="Surefire test" tests="3" failures="0" timestamp="16 Apr 2021 04:18:37 GMT" time="69.347" errors="0">
  <testcase name="invokedriver" time="17.358" classname="com.bikes.testCases.BikeDetailsTest"/>
  <testcase name="clickLogin2" time="34.217" classname="com.bikes.testCases.LoginTest"/>
  <testcase name="selectChennai" time="17.741" classname="com.bikes.testCases.UsedCarsTest"/>
</testsuite> <!-- Surefire test -->
